<?xml version="1.0" encoding="UTF-8"?>
<!-- Generated by org.testng.reporters.JUnitXMLReporter -->
<testsuite ignored="0" hostname="LAPTOP-MN77NFLP" failures="0" tests="5" name="Test" time="0.036" errors="0" timestamp="29 Mar 2024 12:12:10 GMT">
  <testcase classname="org.ExecutemethodTestng.Sample" name="tc1" time="0.008"/>
  <testcase classname="org.ExecutemethodTestng.Sample" name="tc2" time="0.002"/>
  <testcase classname="org.ExecutemethodTestng.Sample" name="tc3" time="0.001"/>
  <testcase classname="org.ExecutemethodTestng.Sample" name="tc4" time="0.001"/>
  <testcase classname="org.ExecutemethodTestng.Sample" name="tc5" time="0.001"/>
</testsuite> <!-- Test -->
